# JRE version: Java(TM) SE Runtime Environment (8.0_101-b13) (build 1.8.0_101-b13)
# Java VM: Java HotSpot(TM) 64-Bit Server VM (25.101-b13 mixed mode bsd-amd64 compressed oops)
Heap:
 PSYoungGen      total 135680K, used 31023K [0x000000076ab00000, 0x0000000779600000, 0x00000007c0000000)
  eden space 120832K, 13% used [0x000000076ab00000,0x000000076bafbc18,0x0000000772100000)
  from space 14848K, 98% used [0x0000000778780000,0x00000007795d0040,0x0000000779600000)
  to   space 25088K, 0% used [0x0000000776500000,0x0000000776500000,0x0000000777d80000)
 ParOldGen       total 175104K, used 33143K [0x00000006c0000000, 0x00000006cab00000, 0x000000076ab00000)
  object space 175104K, 18% used [0x00000006c0000000,0x00000006c205dc50,0x00000006cab00000)
 Metaspace       used 16958K, capacity 17578K, committed 17792K, reserved 1064960K
  class space    used 2204K, capacity 2384K, committed 2432K, reserved 1048576K
GC Heap History (10 events):
Event: 11.935 GC heap before
{Heap before GC invocations=6 (full 0):
 PSYoungGen      total 74752K, used 74384K [0x000000076ab00000, 0x0000000771c80000, 0x00000007c0000000)
  eden space 64000K, 99% used [0x000000076ab00000,0x000000076e92b0a0,0x000000076e980000)
  from space 10752K, 99% used [0x000000076eb00000,0x000000076f579070,0x000000076f580000)
  to   space 26112K, 0% used [0x0000000770300000,0x0000000770300000,0x0000000771c80000)
 ParOldGen       total 175104K, used 26936K [0x00000006c0000000, 0x00000006cab00000, 0x000000076ab00000)
  object space 175104K, 15% used [0x00000006c0000000,0x00000006c1a4e010,0x00000006cab00000)
 Metaspace       used 16779K, capacity 17336K, committed 17536K, reserved 1064960K
  class space    used 2197K, capacity 2373K, committed 2432K, reserved 1048576K
Event: 11.942 GC heap after
Heap after GC invocations=6 (full 0):
 PSYoungGen      total 86016K, used 12636K [0x000000076ab00000, 0x0000000771a00000, 0x00000007c0000000)
  eden space 62464K, 0% used [0x000000076ab00000,0x000000076ab00000,0x000000076e800000)
  from space 23552K, 53% used [0x0000000770300000,0x0000000770f570a0,0x0000000771a00000)
  to   space 25600K, 0% used [0x000000076e800000,0x000000076e800000,0x0000000770100000)
 ParOldGen       total 175104K, used 26944K [0x00000006c0000000, 0x00000006cab00000, 0x000000076ab00000)
  object space 175104K, 15% used [0x00000006c0000000,0x00000006c1a50010,0x00000006cab00000)
 Metaspace       used 16779K, capacity 17336K, committed 17536K, reserved 1064960K
  class space    used 2197K, capacity 2373K, committed 2432K, reserved 1048576K
}
Event: 12.548 GC heap before
{Heap before GC invocations=7 (full 0):
 PSYoungGen      total 86016K, used 74360K [0x000000076ab00000, 0x0000000771a00000, 0x00000007c0000000)
  eden space 62464K, 98% used [0x000000076ab00000,0x000000076e746f70,0x000000076e800000)
  from space 23552K, 53% used [0x0000000770300000,0x0000000770f570a0,0x0000000771a00000)
  to   space 25600K, 0% used [0x000000076e800000,0x000000076e800000,0x0000000770100000)
 ParOldGen       total 175104K, used 26944K [0x00000006c0000000, 0x00000006cab00000, 0x000000076ab00000)
  object space 175104K, 15% used [0x00000006c0000000,0x00000006c1a50010,0x00000006cab00000)
 Metaspace       used 16809K, capacity 17336K, committed 17536K, reserved 1064960K
  class space    used 2197K, capacity 2373K, committed 2432K, reserved 1048576K
Event: 12.559 GC heap after
Heap after GC invocations=7 (full 0):
 PSYoungGen      total 88064K, used 3888K [0x000000076ab00000, 0x0000000775900000, 0x00000007c0000000)
  eden space 62464K, 0% used [0x000000076ab00000,0x000000076ab00000,0x000000076e800000)
  from space 25600K, 15% used [0x000000076e800000,0x000000076ebcc010,0x0000000770100000)
  to   space 26624K, 0% used [0x0000000773f00000,0x0000000773f00000,0x0000000775900000)
 ParOldGen       total 175104K, used 33063K [0x00000006c0000000, 0x00000006cab00000, 0x000000076ab00000)
  object space 175104K, 18% used [0x00000006c0000000,0x00000006c2049c50,0x00000006cab00000)
 Metaspace       used 16809K, capacity 17336K, committed 17536K, reserved 1064960K
  class space    used 2197K, capacity 2373K, committed 2432K, reserved 1048576K
}
Event: 13.066 GC heap before
{Heap before GC invocations=8 (full 0):
 PSYoungGen      total 88064K, used 63701K [0x000000076ab00000, 0x0000000775900000, 0x00000007c0000000)
  eden space 62464K, 95% used [0x000000076ab00000,0x000000076e5694f0,0x000000076e800000)
  from space 25600K, 15% used [0x000000076e800000,0x000000076ebcc010,0x0000000770100000)
  to   space 26624K, 0% used [0x0000000773f00000,0x0000000773f00000,0x0000000775900000)
 ParOldGen       total 175104K, used 33063K [0x00000006c0000000, 0x00000006cab00000, 0x000000076ab00000)
  object space 175104K, 18% used [0x00000006c0000000,0x00000006c2049c50,0x00000006cab00000)
 Metaspace       used 16838K, capacity 17400K, committed 17536K, reserved 1064960K
  class space    used 2197K, capacity 2373K, committed 2432K, reserved 1048576K
Event: 13.077 GC heap after
Heap after GC invocations=8 (full 0):
 PSYoungGen      total 149504K, used 14656K [0x000000076ab00000, 0x0000000775700000, 0x00000007c0000000)
  eden space 124928K, 0% used [0x000000076ab00000,0x000000076ab00000,0x0000000772500000)
  from space 24576K, 59% used [0x0000000773f00000,0x0000000774d50040,0x0000000775700000)
  to   space 25600K, 0% used [0x0000000772500000,0x0000000772500000,0x0000000773e00000)
 ParOldGen       total 175104K, used 33103K [0x00000006c0000000, 0x00000006cab00000, 0x000000076ab00000)
  object space 175104K, 18% used [0x00000006c0000000,0x00000006c2053c50,0x00000006cab00000)
 Metaspace       used 16838K, capacity 17400K, committed 17536K, reserved 1064960K
  class space    used 2197K, capacity 2373K, committed 2432K, reserved 1048576K
}
Event: 14.279 GC heap before
{Heap before GC invocations=9 (full 0):
 PSYoungGen      total 149504K, used 137928K [0x000000076ab00000, 0x0000000775700000, 0x00000007c0000000)
  eden space 124928K, 98% used [0x000000076ab00000,0x00000007723620e8,0x0000000772500000)
  from space 24576K, 59% used [0x0000000773f00000,0x0000000774d50040,0x0000000775700000)
  to   space 25600K, 0% used [0x0000000772500000,0x0000000772500000,0x0000000773e00000)
 ParOldGen       total 175104K, used 33103K [0x00000006c0000000, 0x00000006cab00000, 0x000000076ab00000)
  object space 175104K, 18% used [0x00000006c0000000,0x00000006c2053c50,0x00000006cab00000)
 Metaspace       used 16873K, capacity 17400K, committed 17536K, reserved 1064960K
  class space    used 2197K, capacity 2373K, committed 2432K, reserved 1048576K
Event: 14.284 GC heap after
Heap after GC invocations=9 (full 0):
 PSYoungGen      total 150528K, used 6524K [0x000000076ab00000, 0x000000077a080000, 0x00000007c0000000)
  eden space 124928K, 0% used [0x000000076ab00000,0x000000076ab00000,0x0000000772500000)
  from space 25600K, 25% used [0x0000000772500000,0x0000000772b5f040,0x0000000773e00000)
  to   space 25600K, 0% used [0x0000000778780000,0x0000000778780000,0x000000077a080000)
 ParOldGen       total 175104K, used 33127K [0x00000006c0000000, 0x00000006cab00000, 0x000000076ab00000)
  object space 175104K, 18% used [0x00000006c0000000,0x00000006c2059c50,0x00000006cab00000)
 Metaspace       used 16873K, capacity 17400K, committed 17536K, reserved 1064960K
  class space    used 2197K, capacity 2373K, committed 2432K, reserved 1048576K
}
Event: 15.399 GC heap before
{Heap before GC invocations=10 (full 0):
 PSYoungGen      total 150528K, used 127979K [0x000000076ab00000, 0x000000077a080000, 0x00000007c0000000)
  eden space 124928K, 97% used [0x000000076ab00000,0x000000077219bcf0,0x0000000772500000)
  from space 25600K, 25% used [0x0000000772500000,0x0000000772b5f040,0x0000000773e00000)
  to   space 25600K, 0% used [0x0000000778780000,0x0000000778780000,0x000000077a080000)
 ParOldGen       total 175104K, used 33127K [0x00000006c0000000, 0x00000006cab00000, 0x000000076ab00000)
  object space 175104K, 18% used [0x00000006c0000000,0x00000006c2059c50,0x00000006cab00000)
 Metaspace       used 16920K, capacity 17464K, committed 17792K, reserved 1064960K
  class space    used 2197K, capacity 2373K, committed 2432K, reserved 1048576K
Event: 15.406 GC heap after
Heap after GC invocations=10 (full 0):
 PSYoungGen      total 135680K, used 14656K [0x000000076ab00000, 0x0000000779600000, 0x00000007c0000000)
  eden space 120832K, 0% used [0x000000076ab00000,0x000000076ab00000,0x0000000772100000)
  from space 14848K, 98% used [0x0000000778780000,0x00000007795d0040,0x0000000779600000)
  to   space 25088K, 0% used [0x0000000776500000,0x0000000776500000,0x0000000777d80000)
 ParOldGen       total 175104K, used 33143K [0x00000006c0000000, 0x00000006cab00000, 0x000000076ab00000)
  object space 175104K, 18% used [0x00000006c0000000,0x00000006c205dc50,0x00000006cab00000)
 Metaspace       used 16920K, capacity 17464K, committed 17792K, reserved 1064960K
  class space    used 2197K, capacity 2373K, committed 2432K, reserved 1048576K
}

