# JRE version: Java(TM) SE Runtime Environment (8.0_101-b13) (build 1.8.0_101-b13)
# Java VM: Java HotSpot(TM) 64-Bit Server VM (25.101-b13 mixed mode bsd-amd64 compressed oops)
Heap:
 PSYoungGen      total 258048K, used 257764K [0x000000076ab00000, 0x000000078c280000, 0x00000007c0000000)
  eden space 242176K, 100% used [0x000000076ab00000,0x0000000779780000,0x0000000779780000)
  from space 15872K, 98% used [0x000000078a100000,0x000000078b039050,0x000000078b080000)
  to   space 18432K, 0% used [0x000000078b080000,0x000000078b080000,0x000000078c280000)
 ParOldGen       total 175104K, used 65463K [0x00000006c0000000, 0x00000006cab00000, 0x000000076ab00000)
  object space 175104K, 37% used [0x00000006c0000000,0x00000006c3fedf30,0x00000006cab00000)
 Metaspace       used 17141K, capacity 17762K, committed 17792K, reserved 1064960K
  class space    used 2210K, capacity 2416K, committed 2432K, reserved 1048576K
GC Heap History (10 events):
Event: 9.829 GC heap before
{Heap before GC invocations=5 (full 0):
 PSYoungGen      total 141824K, used 140446K [0x000000076ab00000, 0x0000000774000000, 0x00000007c0000000)
  eden space 131072K, 98% used [0x000000076ab00000,0x00000007729aba00,0x0000000772b00000)
  from space 10752K, 99% used [0x0000000773580000,0x0000000773ffc070,0x0000000774000000)
  to   space 10752K, 0% used [0x0000000772b00000,0x0000000772b00000,0x0000000773580000)
 ParOldGen       total 175104K, used 25882K [0x00000006c0000000, 0x00000006cab00000, 0x000000076ab00000)
  object space 175104K, 14% used [0x00000006c0000000,0x00000006c1946a60,0x00000006cab00000)
 Metaspace       used 16750K, capacity 17376K, committed 17536K, reserved 1064960K
  class space    used 2198K, capacity 2405K, committed 2432K, reserved 1048576K
Event: 9.841 GC heap after
Heap after GC invocations=5 (full 0):
 PSYoungGen      total 141824K, used 10736K [0x000000076ab00000, 0x000000077d400000, 0x00000007c0000000)
  eden space 131072K, 0% used [0x000000076ab00000,0x000000076ab00000,0x0000000772b00000)
  from space 10752K, 99% used [0x0000000772b00000,0x000000077357c070,0x0000000773580000)
  to   space 20992K, 0% used [0x000000077bf80000,0x000000077bf80000,0x000000077d400000)
 ParOldGen       total 175104K, used 33098K [0x00000006c0000000, 0x00000006cab00000, 0x000000076ab00000)
  object space 175104K, 18% used [0x00000006c0000000,0x00000006c2052a80,0x00000006cab00000)
 Metaspace       used 16750K, capacity 17376K, committed 17536K, reserved 1064960K
  class space    used 2198K, capacity 2405K, committed 2432K, reserved 1048576K
}
Event: 10.611 GC heap before
{Heap before GC invocations=6 (full 0):
 PSYoungGen      total 141824K, used 140040K [0x000000076ab00000, 0x000000077d400000, 0x00000007c0000000)
  eden space 131072K, 98% used [0x000000076ab00000,0x00000007729461e8,0x0000000772b00000)
  from space 10752K, 99% used [0x0000000772b00000,0x000000077357c070,0x0000000773580000)
  to   space 20992K, 0% used [0x000000077bf80000,0x000000077bf80000,0x000000077d400000)
 ParOldGen       total 175104K, used 33098K [0x00000006c0000000, 0x00000006cab00000, 0x000000076ab00000)
  object space 175104K, 18% used [0x00000006c0000000,0x00000006c2052a80,0x00000006cab00000)
 Metaspace       used 16784K, capacity 17376K, committed 17536K, reserved 1064960K
  class space    used 2198K, capacity 2405K, committed 2432K, reserved 1048576K
Event: 10.620 GC heap after
Heap after GC invocations=6 (full 0):
 PSYoungGen      total 283136K, used 18016K [0x000000076ab00000, 0x000000077d400000, 0x00000007c0000000)
  eden space 262144K, 0% used [0x000000076ab00000,0x000000076ab00000,0x000000077ab00000)
  from space 20992K, 85% used [0x000000077bf80000,0x000000077d118080,0x000000077d400000)
  to   space 20992K, 0% used [0x000000077ab00000,0x000000077ab00000,0x000000077bf80000)
 ParOldGen       total 175104K, used 33106K [0x00000006c0000000, 0x00000006cab00000, 0x000000076ab00000)
  object space 175104K, 18% used [0x00000006c0000000,0x00000006c2054a80,0x00000006cab00000)
 Metaspace       used 16784K, capacity 17376K, committed 17536K, reserved 1064960K
  class space    used 2198K, capacity 2405K, committed 2432K, reserved 1048576K
}
Event: 12.466 GC heap before
{Heap before GC invocations=7 (full 0):
 PSYoungGen      total 283136K, used 279629K [0x000000076ab00000, 0x000000077d400000, 0x00000007c0000000)
  eden space 262144K, 99% used [0x000000076ab00000,0x000000077aa7b5f0,0x000000077ab00000)
  from space 20992K, 85% used [0x000000077bf80000,0x000000077d118080,0x000000077d400000)
  to   space 20992K, 0% used [0x000000077ab00000,0x000000077ab00000,0x000000077bf80000)
 ParOldGen       total 175104K, used 33106K [0x00000006c0000000, 0x00000006cab00000, 0x000000076ab00000)
  object space 175104K, 18% used [0x00000006c0000000,0x00000006c2054a80,0x00000006cab00000)
 Metaspace       used 16949K, capacity 17568K, committed 17792K, reserved 1064960K
  class space    used 2203K, capacity 2405K, committed 2432K, reserved 1048576K
Event: 12.472 GC heap after
Heap after GC invocations=7 (full 0):
 PSYoungGen      total 283136K, used 3920K [0x000000076ab00000, 0x000000078d900000, 0x00000007c0000000)
  eden space 262144K, 0% used [0x000000076ab00000,0x000000076ab00000,0x000000077ab00000)
  from space 20992K, 18% used [0x000000077ab00000,0x000000077aed4010,0x000000077bf80000)
  to   space 23552K, 0% used [0x000000078c200000,0x000000078c200000,0x000000078d900000)
 ParOldGen       total 175104K, used 36591K [0x00000006c0000000, 0x00000006cab00000, 0x000000076ab00000)
  object space 175104K, 20% used [0x00000006c0000000,0x00000006c23bbc78,0x00000006cab00000)
 Metaspace       used 16949K, capacity 17568K, committed 17792K, reserved 1064960K
  class space    used 2203K, capacity 2405K, committed 2432K, reserved 1048576K
}
Event: 14.071 GC heap before
{Heap before GC invocations=8 (full 0):
 PSYoungGen      total 283136K, used 264351K [0x000000076ab00000, 0x000000078d900000, 0x00000007c0000000)
  eden space 262144K, 99% used [0x000000076ab00000,0x000000077a953d78,0x000000077ab00000)
  from space 20992K, 18% used [0x000000077ab00000,0x000000077aed4010,0x000000077bf80000)
  to   space 23552K, 0% used [0x000000078c200000,0x000000078c200000,0x000000078d900000)
 ParOldGen       total 175104K, used 36591K [0x00000006c0000000, 0x00000006cab00000, 0x000000076ab00000)
  object space 175104K, 20% used [0x00000006c0000000,0x00000006c23bbc78,0x00000006cab00000)
 Metaspace       used 17004K, capacity 17640K, committed 17792K, reserved 1064960K
  class space    used 2203K, capacity 2405K, committed 2432K, reserved 1048576K
Event: 14.077 GC heap after
Heap after GC invocations=8 (full 0):
 PSYoungGen      total 264192K, used 11988K [0x000000076ab00000, 0x000000078ce00000, 0x00000007c0000000)
  eden space 251904K, 0% used [0x000000076ab00000,0x000000076ab00000,0x000000077a100000)
  from space 12288K, 97% used [0x000000078c200000,0x000000078cdb5040,0x000000078ce00000)
  to   space 23040K, 0% used [0x000000078a100000,0x000000078a100000,0x000000078b780000)
 ParOldGen       total 175104K, used 36615K [0x00000006c0000000, 0x00000006cab00000, 0x000000076ab00000)
  object space 175104K, 20% used [0x00000006c0000000,0x00000006c23c1c78,0x00000006cab00000)
 Metaspace       used 17004K, capacity 17640K, committed 17792K, reserved 1064960K
  class space    used 2203K, capacity 2405K, committed 2432K, reserved 1048576K
}
Event: 15.499 GC heap before
{Heap before GC invocations=9 (full 0):
 PSYoungGen      total 264192K, used 261055K [0x000000076ab00000, 0x000000078ce00000, 0x00000007c0000000)
  eden space 251904K, 98% used [0x000000076ab00000,0x0000000779e3ac10,0x000000077a100000)
  from space 12288K, 97% used [0x000000078c200000,0x000000078cdb5040,0x000000078ce00000)
  to   space 23040K, 0% used [0x000000078a100000,0x000000078a100000,0x000000078b780000)
 ParOldGen       total 175104K, used 40215K [0x00000006c0000000, 0x00000006cab00000, 0x000000076ab00000)
  object space 175104K, 22% used [0x00000006c0000000,0x00000006c2745c88,0x00000006cab00000)
 Metaspace       used 17060K, capacity 17704K, committed 17792K, reserved 1064960K
  class space    used 2203K, capacity 2405K, committed 2432K, reserved 1048576K
Event: 15.507 GC heap after
Heap after GC invocations=9 (full 0):
 PSYoungGen      total 258048K, used 15588K [0x000000076ab00000, 0x000000078c280000, 0x00000007c0000000)
  eden space 242176K, 0% used [0x000000076ab00000,0x000000076ab00000,0x0000000779780000)
  from space 15872K, 98% used [0x000000078a100000,0x000000078b039050,0x000000078b080000)
  to   space 18432K, 0% used [0x000000078b080000,0x000000078b080000,0x000000078c280000)
 ParOldGen       total 175104K, used 40263K [0x00000006c0000000, 0x00000006cab00000, 0x000000076ab00000)
  object space 175104K, 22% used [0x00000006c0000000,0x00000006c2751c88,0x00000006cab00000)
 Metaspace       used 17060K, capacity 17704K, committed 17792K, reserved 1064960K
  class space    used 2203K, capacity 2405K, committed 2432K, reserved 1048576K
}

