# JRE version: Java(TM) SE Runtime Environment (8.0_101-b13) (build 1.8.0_101-b13)
# Java VM: Java HotSpot(TM) 64-Bit Server VM (25.101-b13 mixed mode bsd-amd64 compressed oops)
Heap:
 PSYoungGen      total 74752K, used 55628K [0x000000076ab00000, 0x0000000771980000, 0x00000007c0000000)
  eden space 64000K, 70% used [0x000000076ab00000,0x000000076d6d6098,0x000000076e980000)
  from space 10752K, 99% used [0x000000076eb00000,0x000000076f57d060,0x000000076f580000)
  to   space 24576K, 0% used [0x0000000770180000,0x0000000770180000,0x0000000771980000)
 ParOldGen       total 175104K, used 18611K [0x00000006c0000000, 0x00000006cab00000, 0x000000076ab00000)
  object space 175104K, 10% used [0x00000006c0000000,0x00000006c122ce70,0x00000006cab00000)
 Metaspace       used 16737K, capacity 17334K, committed 17536K, reserved 1064960K
  class space    used 2189K, capacity 2384K, committed 2432K, reserved 1048576K
GC Heap History (10 events):
Event: 8.923 GC heap before
{Heap before GC invocations=1 (full 0):
 PSYoungGen      total 76288K, used 63088K [0x000000076ab00000, 0x0000000770000000, 0x00000007c0000000)
  eden space 65536K, 96% used [0x000000076ab00000,0x000000076e89c118,0x000000076eb00000)
  from space 10752K, 0% used [0x000000076f580000,0x000000076f580000,0x0000000770000000)
  to   space 10752K, 0% used [0x000000076eb00000,0x000000076eb00000,0x000000076f580000)
 ParOldGen       total 175104K, used 0K [0x00000006c0000000, 0x00000006cab00000, 0x000000076ab00000)
  object space 175104K, 0% used [0x00000006c0000000,0x00000006c0000000,0x00000006cab00000)
 Metaspace       used 16552K, capacity 17146K, committed 17280K, reserved 1064960K
  class space    used 2182K, capacity 2372K, committed 2432K, reserved 1048576K
Event: 8.935 GC heap after
Heap after GC invocations=1 (full 0):
 PSYoungGen      total 76288K, used 10736K [0x000000076ab00000, 0x0000000770000000, 0x00000007c0000000)
  eden space 65536K, 0% used [0x000000076ab00000,0x000000076ab00000,0x000000076eb00000)
  from space 10752K, 99% used [0x000000076eb00000,0x000000076f57c050,0x000000076f580000)
  to   space 10752K, 0% used [0x000000076f580000,0x000000076f580000,0x0000000770000000)
 ParOldGen       total 175104K, used 13135K [0x00000006c0000000, 0x00000006cab00000, 0x000000076ab00000)
  object space 175104K, 7% used [0x00000006c0000000,0x00000006c0cd3e50,0x00000006cab00000)
 Metaspace       used 16552K, capacity 17146K, committed 17280K, reserved 1064960K
  class space    used 2182K, capacity 2372K, committed 2432K, reserved 1048576K
}
Event: 9.480 GC heap before
{Heap before GC invocations=2 (full 0):
 PSYoungGen      total 76288K, used 75793K [0x000000076ab00000, 0x0000000770000000, 0x00000007c0000000)
  eden space 65536K, 99% used [0x000000076ab00000,0x000000076ea88500,0x000000076eb00000)
  from space 10752K, 99% used [0x000000076eb00000,0x000000076f57c050,0x000000076f580000)
  to   space 10752K, 0% used [0x000000076f580000,0x000000076f580000,0x0000000770000000)
 ParOldGen       total 175104K, used 13135K [0x00000006c0000000, 0x00000006cab00000, 0x000000076ab00000)
  object space 175104K, 7% used [0x00000006c0000000,0x00000006c0cd3e50,0x00000006cab00000)
 Metaspace       used 16591K, capacity 17214K, committed 17536K, reserved 1064960K
  class space    used 2182K, capacity 2372K, committed 2432K, reserved 1048576K
Event: 9.487 GC heap after
Heap after GC invocations=2 (full 0):
 PSYoungGen      total 76288K, used 10724K [0x000000076ab00000, 0x0000000770000000, 0x00000007c0000000)
  eden space 65536K, 0% used [0x000000076ab00000,0x000000076ab00000,0x000000076eb00000)
  from space 10752K, 99% used [0x000000076f580000,0x000000076fff9070,0x0000000770000000)
  to   space 10752K, 0% used [0x000000076eb00000,0x000000076eb00000,0x000000076f580000)
 ParOldGen       total 175104K, used 14899K [0x00000006c0000000, 0x00000006cab00000, 0x000000076ab00000)
  object space 175104K, 8% used [0x00000006c0000000,0x00000006c0e8ce60,0x00000006cab00000)
 Metaspace       used 16591K, capacity 17214K, committed 17536K, reserved 1064960K
  class space    used 2182K, capacity 2372K, committed 2432K, reserved 1048576K
}
Event: 10.080 GC heap before
{Heap before GC invocations=3 (full 0):
 PSYoungGen      total 76288K, used 75259K [0x000000076ab00000, 0x0000000770000000, 0x00000007c0000000)
  eden space 65536K, 98% used [0x000000076ab00000,0x000000076ea05c70,0x000000076eb00000)
  from space 10752K, 99% used [0x000000076f580000,0x000000076fff9070,0x0000000770000000)
  to   space 10752K, 0% used [0x000000076eb00000,0x000000076eb00000,0x000000076f580000)
 ParOldGen       total 175104K, used 14899K [0x00000006c0000000, 0x00000006cab00000, 0x000000076ab00000)
  object space 175104K, 8% used [0x00000006c0000000,0x00000006c0e8ce60,0x00000006cab00000)
 Metaspace       used 16627K, capacity 17216K, committed 17536K, reserved 1064960K
  class space    used 2183K, capacity 2373K, committed 2432K, reserved 1048576K
Event: 10.086 GC heap after
Heap after GC invocations=3 (full 0):
 PSYoungGen      total 76288K, used 10740K [0x000000076ab00000, 0x0000000770000000, 0x00000007c0000000)
  eden space 65536K, 0% used [0x000000076ab00000,0x000000076ab00000,0x000000076eb00000)
  from space 10752K, 99% used [0x000000076eb00000,0x000000076f57d080,0x000000076f580000)
  to   space 10752K, 0% used [0x000000076f580000,0x000000076f580000,0x0000000770000000)
 ParOldGen       total 175104K, used 18579K [0x00000006c0000000, 0x00000006cab00000, 0x000000076ab00000)
  object space 175104K, 10% used [0x00000006c0000000,0x00000006c1224e70,0x00000006cab00000)
 Metaspace       used 16627K, capacity 17216K, committed 17536K, reserved 1064960K
  class space    used 2183K, capacity 2373K, committed 2432K, reserved 1048576K
}
Event: 10.667 GC heap before
{Heap before GC invocations=4 (full 0):
 PSYoungGen      total 76288K, used 74588K [0x000000076ab00000, 0x0000000770000000, 0x00000007c0000000)
  eden space 65536K, 97% used [0x000000076ab00000,0x000000076e95a0f0,0x000000076eb00000)
  from space 10752K, 99% used [0x000000076eb00000,0x000000076f57d080,0x000000076f580000)
  to   space 10752K, 0% used [0x000000076f580000,0x000000076f580000,0x0000000770000000)
 ParOldGen       total 175104K, used 18579K [0x00000006c0000000, 0x00000006cab00000, 0x000000076ab00000)
  object space 175104K, 10% used [0x00000006c0000000,0x00000006c1224e70,0x00000006cab00000)
 Metaspace       used 16655K, capacity 17284K, committed 17536K, reserved 1064960K
  class space    used 2183K, capacity 2373K, committed 2432K, reserved 1048576K
Event: 10.670 GC heap after
Heap after GC invocations=4 (full 0):
 PSYoungGen      total 76288K, used 10724K [0x000000076ab00000, 0x0000000770000000, 0x00000007c0000000)
  eden space 65536K, 0% used [0x000000076ab00000,0x000000076ab00000,0x000000076eb00000)
  from space 10752K, 99% used [0x000000076f580000,0x000000076fff9070,0x0000000770000000)
  to   space 10752K, 0% used [0x000000076eb00000,0x000000076eb00000,0x000000076f580000)
 ParOldGen       total 175104K, used 18603K [0x00000006c0000000, 0x00000006cab00000, 0x000000076ab00000)
  object space 175104K, 10% used [0x00000006c0000000,0x00000006c122ae70,0x00000006cab00000)
 Metaspace       used 16655K, capacity 17284K, committed 17536K, reserved 1064960K
  class space    used 2183K, capacity 2373K, committed 2432K, reserved 1048576K
}
Event: 11.232 GC heap before
{Heap before GC invocations=5 (full 0):
 PSYoungGen      total 76288K, used 74691K [0x000000076ab00000, 0x0000000770000000, 0x00000007c0000000)
  eden space 65536K, 97% used [0x000000076ab00000,0x000000076e977d90,0x000000076eb00000)
  from space 10752K, 99% used [0x000000076f580000,0x000000076fff9070,0x0000000770000000)
  to   space 10752K, 0% used [0x000000076eb00000,0x000000076eb00000,0x000000076f580000)
 ParOldGen       total 175104K, used 18603K [0x00000006c0000000, 0x00000006cab00000, 0x000000076ab00000)
  object space 175104K, 10% used [0x00000006c0000000,0x00000006c122ae70,0x00000006cab00000)
 Metaspace       used 16681K, capacity 17284K, committed 17536K, reserved 1064960K
  class space    used 2183K, capacity 2373K, committed 2432K, reserved 1048576K
Event: 11.236 GC heap after
Heap after GC invocations=5 (full 0):
 PSYoungGen      total 74752K, used 10740K [0x000000076ab00000, 0x0000000771980000, 0x00000007c0000000)
  eden space 64000K, 0% used [0x000000076ab00000,0x000000076ab00000,0x000000076e980000)
  from space 10752K, 99% used [0x000000076eb00000,0x000000076f57d060,0x000000076f580000)
  to   space 24576K, 0% used [0x0000000770180000,0x0000000770180000,0x0000000771980000)
 ParOldGen       total 175104K, used 18611K [0x00000006c0000000, 0x00000006cab00000, 0x000000076ab00000)
  object space 175104K, 10% used [0x00000006c0000000,0x00000006c122ce70,0x00000006cab00000)
 Metaspace       used 16681K, capacity 17284K, committed 17536K, reserved 1064960K
  class space    used 2183K, capacity 2373K, committed 2432K, reserved 1048576K
}

