# JRE version: Java(TM) SE Runtime Environment (8.0_101-b13) (build 1.8.0_101-b13)
# Java VM: Java HotSpot(TM) 64-Bit Server VM (25.101-b13 mixed mode bsd-amd64 compressed oops)
Heap:
 PSYoungGen      total 288768K, used 271714K [0x000000076ab00000, 0x000000077e100000, 0x00000007c0000000)
  eden space 262144K, 95% used [0x000000076ab00000,0x0000000779f4cb18,0x000000077ab00000)
  from space 26624K, 80% used [0x000000077c700000,0x000000077dc0c080,0x000000077e100000)
  to   space 27648K, 0% used [0x000000077ab00000,0x000000077ab00000,0x000000077c600000)
 ParOldGen       total 175104K, used 56455K [0x00000006c0000000, 0x00000006cab00000, 0x000000076ab00000)
  object space 175104K, 32% used [0x00000006c0000000,0x00000006c3721ef0,0x00000006cab00000)
 Metaspace       used 16665K, capacity 17302K, committed 17536K, reserved 1064960K
  class space    used 2186K, capacity 2416K, committed 2432K, reserved 1048576K
GC Heap History (10 events):
Event: 8.662 GC heap before
{Heap before GC invocations=2 (full 0):
 PSYoungGen      total 76288K, used 73143K [0x000000076ab00000, 0x0000000770000000, 0x00000007c0000000)
  eden space 65536K, 95% used [0x000000076ab00000,0x000000076e7eee68,0x000000076eb00000)
  from space 10752K, 99% used [0x000000076eb00000,0x000000076f57f070,0x000000076f580000)
  to   space 10752K, 0% used [0x000000076f580000,0x000000076f580000,0x0000000770000000)
 ParOldGen       total 175104K, used 4963K [0x00000006c0000000, 0x00000006cab00000, 0x000000076ab00000)
  object space 175104K, 2% used [0x00000006c0000000,0x00000006c04d8df0,0x00000006cab00000)
 Metaspace       used 16432K, capacity 17110K, committed 17280K, reserved 1064960K
  class space    used 2178K, capacity 2404K, committed 2432K, reserved 1048576K
Event: 8.672 GC heap after
Heap after GC invocations=2 (full 0):
 PSYoungGen      total 76288K, used 10720K [0x000000076ab00000, 0x0000000774000000, 0x00000007c0000000)
  eden space 65536K, 0% used [0x000000076ab00000,0x000000076ab00000,0x000000076eb00000)
  from space 10752K, 99% used [0x000000076f580000,0x000000076fff8050,0x0000000770000000)
  to   space 10752K, 0% used [0x000000076eb00000,0x000000076eb00000,0x000000076f580000)
 ParOldGen       total 175104K, used 16751K [0x00000006c0000000, 0x00000006cab00000, 0x000000076ab00000)
  object space 175104K, 9% used [0x00000006c0000000,0x00000006c105be40,0x00000006cab00000)
 Metaspace       used 16432K, capacity 17110K, committed 17280K, reserved 1064960K
  class space    used 2178K, capacity 2404K, committed 2432K, reserved 1048576K
}
Event: 9.091 GC heap before
{Heap before GC invocations=3 (full 0):
 PSYoungGen      total 76288K, used 76153K [0x000000076ab00000, 0x0000000774000000, 0x00000007c0000000)
  eden space 65536K, 99% used [0x000000076ab00000,0x000000076eae6520,0x000000076eb00000)
  from space 10752K, 99% used [0x000000076f580000,0x000000076fff8050,0x0000000770000000)
  to   space 10752K, 0% used [0x000000076eb00000,0x000000076eb00000,0x000000076f580000)
 ParOldGen       total 175104K, used 16751K [0x00000006c0000000, 0x00000006cab00000, 0x000000076ab00000)
  object space 175104K, 9% used [0x00000006c0000000,0x00000006c105be40,0x00000006cab00000)
 Metaspace       used 16449K, capacity 17110K, committed 17280K, reserved 1064960K
  class space    used 2178K, capacity 2404K, committed 2432K, reserved 1048576K
Event: 9.100 GC heap after
Heap after GC invocations=3 (full 0):
 PSYoungGen      total 76288K, used 10736K [0x000000076ab00000, 0x0000000774000000, 0x00000007c0000000)
  eden space 65536K, 0% used [0x000000076ab00000,0x000000076ab00000,0x000000076eb00000)
  from space 10752K, 99% used [0x000000076eb00000,0x000000076f57c060,0x000000076f580000)
  to   space 10752K, 0% used [0x0000000773580000,0x0000000773580000,0x0000000774000000)
 ParOldGen       total 175104K, used 31167K [0x00000006c0000000, 0x00000006cab00000, 0x000000076ab00000)
  object space 175104K, 17% used [0x00000006c0000000,0x00000006c1e6fe80,0x00000006cab00000)
 Metaspace       used 16449K, capacity 17110K, committed 17280K, reserved 1064960K
  class space    used 2178K, capacity 2404K, committed 2432K, reserved 1048576K
}
Event: 9.520 GC heap before
{Heap before GC invocations=4 (full 0):
 PSYoungGen      total 76288K, used 75760K [0x000000076ab00000, 0x0000000774000000, 0x00000007c0000000)
  eden space 65536K, 99% used [0x000000076ab00000,0x000000076ea80110,0x000000076eb00000)
  from space 10752K, 99% used [0x000000076eb00000,0x000000076f57c060,0x000000076f580000)
  to   space 10752K, 0% used [0x0000000773580000,0x0000000773580000,0x0000000774000000)
 ParOldGen       total 175104K, used 31167K [0x00000006c0000000, 0x00000006cab00000, 0x000000076ab00000)
  object space 175104K, 17% used [0x00000006c0000000,0x00000006c1e6fe80,0x00000006cab00000)
 Metaspace       used 16468K, capacity 17110K, committed 17280K, reserved 1064960K
  class space    used 2178K, capacity 2404K, committed 2432K, reserved 1048576K
Event: 9.527 GC heap after
Heap after GC invocations=4 (full 0):
 PSYoungGen      total 141824K, used 10736K [0x000000076ab00000, 0x0000000774000000, 0x00000007c0000000)
  eden space 131072K, 0% used [0x000000076ab00000,0x000000076ab00000,0x0000000772b00000)
  from space 10752K, 99% used [0x0000000773580000,0x0000000773ffc060,0x0000000774000000)
  to   space 10752K, 0% used [0x0000000772b00000,0x0000000772b00000,0x0000000773580000)
 ParOldGen       total 175104K, used 42031K [0x00000006c0000000, 0x00000006cab00000, 0x000000076ab00000)
  object space 175104K, 24% used [0x00000006c0000000,0x00000006c290beb0,0x00000006cab00000)
 Metaspace       used 16468K, capacity 17110K, committed 17280K, reserved 1064960K
  class space    used 2178K, capacity 2404K, committed 2432K, reserved 1048576K
}
Event: 10.354 GC heap before
{Heap before GC invocations=5 (full 0):
 PSYoungGen      total 141824K, used 140257K [0x000000076ab00000, 0x0000000774000000, 0x00000007c0000000)
  eden space 131072K, 98% used [0x000000076ab00000,0x000000077297c600,0x0000000772b00000)
  from space 10752K, 99% used [0x0000000773580000,0x0000000773ffc060,0x0000000774000000)
  to   space 10752K, 0% used [0x0000000772b00000,0x0000000772b00000,0x0000000773580000)
 ParOldGen       total 175104K, used 42031K [0x00000006c0000000, 0x00000006cab00000, 0x000000076ab00000)
  object space 175104K, 24% used [0x00000006c0000000,0x00000006c290beb0,0x00000006cab00000)
 Metaspace       used 16514K, capacity 17188K, committed 17280K, reserved 1064960K
  class space    used 2179K, capacity 2405K, committed 2432K, reserved 1048576K
Event: 10.365 GC heap after
Heap after GC invocations=5 (full 0):
 PSYoungGen      total 141824K, used 10720K [0x000000076ab00000, 0x000000077e300000, 0x00000007c0000000)
  eden space 131072K, 0% used [0x000000076ab00000,0x000000076ab00000,0x0000000772b00000)
  from space 10752K, 99% used [0x0000000772b00000,0x0000000773578050,0x0000000773580000)
  to   space 28672K, 0% used [0x000000077c700000,0x000000077c700000,0x000000077e300000)
 ParOldGen       total 175104K, used 56447K [0x00000006c0000000, 0x00000006cab00000, 0x000000076ab00000)
  object space 175104K, 32% used [0x00000006c0000000,0x00000006c371fef0,0x00000006cab00000)
 Metaspace       used 16514K, capacity 17188K, committed 17280K, reserved 1064960K
  class space    used 2179K, capacity 2405K, committed 2432K, reserved 1048576K
}
Event: 11.169 GC heap before
{Heap before GC invocations=6 (full 0):
 PSYoungGen      total 141824K, used 139902K [0x000000076ab00000, 0x000000077e300000, 0x00000007c0000000)
  eden space 131072K, 98% used [0x000000076ab00000,0x00000007729279a0,0x0000000772b00000)
  from space 10752K, 99% used [0x0000000772b00000,0x0000000773578050,0x0000000773580000)
  to   space 28672K, 0% used [0x000000077c700000,0x000000077c700000,0x000000077e300000)
 ParOldGen       total 175104K, used 56447K [0x00000006c0000000, 0x00000006cab00000, 0x000000076ab00000)
  object space 175104K, 32% used [0x00000006c0000000,0x00000006c371fef0,0x00000006cab00000)
 Metaspace       used 16552K, capacity 17188K, committed 17280K, reserved 1064960K
  class space    used 2179K, capacity 2405K, committed 2432K, reserved 1048576K
Event: 11.180 GC heap after
Heap after GC invocations=6 (full 0):
 PSYoungGen      total 288768K, used 21552K [0x000000076ab00000, 0x000000077e100000, 0x00000007c0000000)
  eden space 262144K, 0% used [0x000000076ab00000,0x000000076ab00000,0x000000077ab00000)
  from space 26624K, 80% used [0x000000077c700000,0x000000077dc0c080,0x000000077e100000)
  to   space 27648K, 0% used [0x000000077ab00000,0x000000077ab00000,0x000000077c600000)
 ParOldGen       total 175104K, used 56455K [0x00000006c0000000, 0x00000006cab00000, 0x000000076ab00000)
  object space 175104K, 32% used [0x00000006c0000000,0x00000006c3721ef0,0x00000006cab00000)
 Metaspace       used 16552K, capacity 17188K, committed 17280K, reserved 1064960K
  class space    used 2179K, capacity 2405K, committed 2432K, reserved 1048576K
}

